<?xml version="1.0" encoding="UTF-8"?>
<!-- Generated by org.testng.reporters.JUnitXMLReporter -->
<testsuite ignored="0" hostname="Shravan" failures="0" tests="9" name="Default test" time="74.227" errors="0" timestamp="2024-01-02T14:48:51 CST">
  <testcase classname="api.test.DDTests" name="testPostuser" time="10.024"/>
  <testcase classname="api.test.DDTests" name="testPostuser" time="28.348"/>
  <testcase classname="api.test.DDTests" name="testPostuser" time="21.364"/>
  <testcase classname="api.test.DDTests" name="testGetUserByName" time="7.781"/>
  <testcase classname="api.test.DDTests" name="testGetUserByName" time="3.386"/>
  <testcase classname="api.test.DDTests" name="testGetUserByName" time="1.26"/>
  <testcase classname="api.test.DDTests" name="testDeleteUserByName" time="0.259"/>
  <testcase classname="api.test.DDTests" name="testDeleteUserByName" time="0.364"/>
  <testcase classname="api.test.DDTests" name="testDeleteUserByName" time="0.386"/>
</testsuite> <!-- Default test -->
