<?xml version="1.0" encoding="UTF-8"?>
<testng-results ignored="0" total="4" passed="4" failed="0" skipped="0">
  <reporter-output>
  </reporter-output>
  <suite started-at="2024-01-12T16:14:25 CST" name="PetSuite" finished-at="2024-01-12T16:14:31 CST" duration-ms="6744">
    <groups>
    </groups>
    <test started-at="2024-01-12T16:14:25 CST" name="PetTests" finished-at="2024-01-12T16:14:31 CST" duration-ms="6744">
      <class name="api.test.UserTests2">
        <test-method is-config="true" signature="setup()[pri:0, instance:api.test.UserTests2@3646a422]" started-at="2024-01-12T16:14:25 CST" name="setup" finished-at="2024-01-12T16:14:25 CST" duration-ms="552" status="PASS">
          <reporter-output>
          </reporter-output>
        </test-method> <!-- setup -->
        <test-method signature="testPostUser()[pri:1, instance:api.test.UserTests2@3646a422]" started-at="2024-01-12T16:14:25 CST" name="testPostUser" finished-at="2024-01-12T16:14:30 CST" duration-ms="4219" status="PASS">
          <reporter-output>
          </reporter-output>
        </test-method> <!-- testPostUser -->
        <test-method signature="testGetUserbyName()[pri:2, instance:api.test.UserTests2@3646a422]" started-at="2024-01-12T16:14:30 CST" name="testGetUserbyName" finished-at="2024-01-12T16:14:30 CST" duration-ms="484" status="PASS">
          <reporter-output>
          </reporter-output>
        </test-method> <!-- testGetUserbyName -->
        <test-method signature="testUpdateUserByName()[pri:3, instance:api.test.UserTests2@3646a422]" started-at="2024-01-12T16:14:30 CST" name="testUpdateUserByName" finished-at="2024-01-12T16:14:31 CST" duration-ms="840" status="PASS">
          <reporter-output>
          </reporter-output>
        </test-method> <!-- testUpdateUserByName -->
        <test-method signature="testDeleteUserByName()[pri:4, instance:api.test.UserTests2@3646a422]" started-at="2024-01-12T16:14:31 CST" name="testDeleteUserByName" finished-at="2024-01-12T16:14:31 CST" duration-ms="288" status="PASS">
          <reporter-output>
          </reporter-output>
        </test-method> <!-- testDeleteUserByName -->
      </class> <!-- api.test.UserTests2 -->
    </test> <!-- PetTests -->
  </suite> <!-- PetSuite -->
</testng-results>
