<?xml version="1.0" encoding="UTF-8"?>
<!-- Generated by org.testng.reporters.JUnitXMLReporter -->
<testsuite ignored="0" hostname="Shravan" failures="0" tests="4" name="PetTests" time="6.744" errors="0" timestamp="2024-01-12T16:14:32 CST">
  <testcase classname="api.test.UserTests2" name="testPostUser" time="4.219"/>
  <testcase classname="api.test.UserTests2" name="testGetUserbyName" time="0.484"/>
  <testcase classname="api.test.UserTests2" name="testUpdateUserByName" time="0.84"/>
  <testcase classname="api.test.UserTests2" name="testDeleteUserByName" time="0.288"/>
</testsuite> <!-- PetTests -->
